[2019-01-16 18:44:32,086] gamma.py->PullGAMMA line:187 [INFO]

----------Log----------
C:\Users\keda\Desktop\Git\KEDAEZTUNE_V2\adb.py
AdbPullDeviceTxt
63
adb pull /data/effectFile/run512GammaW.txt C:\Users\keda\Desktop\Git\KEDAEZTUNE_V2\Files
(b'', b'478 KB/s (8814 bytes in 0.018s)\r\n')


[2019-01-16 18:44:32,088] gamma.py->PullGAMMA line:188 [INFO]
Adb pull wnrW.txt succeed!

[2019-01-16 18:45:36,428] gamma.py->PullGAMMA line:187 [INFO]

----------Log----------
C:\Users\keda\Desktop\Git\KEDAEZTUNE_V2\adb.py
AdbPullDeviceTxt
63
adb pull /data/effectFile/run512GammaW.txt C:\Users\keda\Desktop\Git\KEDAEZTUNE_V2\Files
(b'', b'717 KB/s (8814 bytes in 0.012s)\r\n')


[2019-01-16 18:45:36,430] gamma.py->PullGAMMA line:188 [INFO]
Adb pull wnrW.txt succeed!

[2019-01-16 18:45:55,084] gamma.py->PullGAMMA line:187 [INFO]

----------Log----------
C:\Users\keda\Desktop\Git\KEDAEZTUNE_V2\adb.py
AdbPullDeviceTxt
63
adb pull /data/effectFile/run512GammaW.txt C:\Users\keda\Desktop\Git\KEDAEZTUNE_V2\Files
(b'', b'430 KB/s (8814 bytes in 0.020s)\r\n')


[2019-01-16 18:45:55,084] gamma.py->PullGAMMA line:188 [INFO]
Adb pull wnrW.txt succeed!

[2019-01-16 18:46:07,036] gamma.py->PullGAMMA line:187 [INFO]

----------Log----------
C:\Users\keda\Desktop\Git\KEDAEZTUNE_V2\adb.py
AdbPullDeviceTxt
63
adb pull /data/effectFile/run512GammaW.txt C:\Users\keda\Desktop\Git\KEDAEZTUNE_V2\Files
(b'', b'717 KB/s (8814 bytes in 0.012s)\r\n')


[2019-01-16 18:46:07,036] gamma.py->PullGAMMA line:188 [INFO]
Adb pull wnrW.txt succeed!

[2019-01-16 18:46:33,023] gamma.py->PullGAMMA line:187 [INFO]

----------Log----------
C:\Users\keda\Desktop\Git\KEDAEZTUNE_V2\adb.py
AdbPullDeviceTxt
63
adb pull /data/effectFile/run512GammaW_2.txt C:\Users\keda\Desktop\Git\KEDAEZTUNE_V2\Files
(b'', b'409 KB/s (8796 bytes in 0.021s)\r\n')


[2019-01-16 18:46:33,023] gamma.py->PullGAMMA line:188 [INFO]
Adb pull wnrW.txt succeed!

[2019-01-16 18:47:05,499] gamma.py->PushGAMMA line:207 [INFO]

----------Log----------
C:\Users\keda\Desktop\Git\KEDAEZTUNE_V2\adb.py
AdbPushDeviceTxt
87
adb push C:\Users\keda\Desktop\Git\KEDAEZTUNE_V2\Files\runGamma.txt /data/effectFile
(b'', b'4 KB/s (235 bytes in 0.046s)\r\n')


[2019-01-16 18:47:05,499] gamma.py->PushGAMMA line:208 [INFO]
Adb push runGamma.txt succeed!

[2019-01-16 18:47:24,551] gamma.py->PushGAMMA line:207 [INFO]

----------Log----------
C:\Users\keda\Desktop\Git\KEDAEZTUNE_V2\adb.py
AdbPushDeviceTxt
87
adb push C:\Users\keda\Desktop\Git\KEDAEZTUNE_V2\Files\runGamma.txt /data/effectFile
(b'', b'5 KB/s (257 bytes in 0.047s)\r\n')


[2019-01-16 18:47:24,551] gamma.py->PushGAMMA line:208 [INFO]
Adb push runGamma.txt succeed!

[2019-01-16 18:47:32,384] gamma.py->PullGAMMA line:187 [INFO]

----------Log----------
C:\Users\keda\Desktop\Git\KEDAEZTUNE_V2\adb.py
AdbPullDeviceTxt
63
adb pull /data/effectFile/run512GammaW.txt C:\Users\keda\Desktop\Git\KEDAEZTUNE_V2\Files
(b'', b'478 KB/s (8814 bytes in 0.018s)\r\n')


[2019-01-16 18:47:32,384] gamma.py->PullGAMMA line:188 [INFO]
Adb pull wnrW.txt succeed!

[2019-01-16 18:47:40,552] gamma.py->PushGAMMA line:207 [INFO]

----------Log----------
C:\Users\keda\Desktop\Git\KEDAEZTUNE_V2\adb.py
AdbPushDeviceTxt
87
adb push C:\Users\keda\Desktop\Git\KEDAEZTUNE_V2\Files\runGamma.txt /data/effectFile
(b'', b'4 KB/s (251 bytes in 0.053s)\r\n')


[2019-01-16 18:47:40,552] gamma.py->PushGAMMA line:208 [INFO]
Adb push runGamma.txt succeed!

[2019-01-16 18:48:10,315] gamma.py->PushGAMMA line:207 [INFO]

----------Log----------
C:\Users\keda\Desktop\Git\KEDAEZTUNE_V2\adb.py
AdbPushDeviceTxt
87
adb push C:\Users\keda\Desktop\Git\KEDAEZTUNE_V2\Files\runGamma.txt /data/effectFile
(b'', b'4 KB/s (254 bytes in 0.051s)\r\n')


[2019-01-16 18:48:10,315] gamma.py->PushGAMMA line:208 [INFO]
Adb push runGamma.txt succeed!

[2019-01-16 18:48:20,196] gamma.py->PushGAMMA line:207 [INFO]

----------Log----------
C:\Users\keda\Desktop\Git\KEDAEZTUNE_V2\adb.py
AdbPushDeviceTxt
87
adb push C:\Users\keda\Desktop\Git\KEDAEZTUNE_V2\Files\runGamma.txt /data/effectFile
(b'', b'5 KB/s (254 bytes in 0.046s)\r\n')


[2019-01-16 18:48:20,196] gamma.py->PushGAMMA line:208 [INFO]
Adb push runGamma.txt succeed!

[2019-01-16 18:48:21,856] gamma.py->PushGAMMA line:207 [INFO]

----------Log----------
C:\Users\keda\Desktop\Git\KEDAEZTUNE_V2\adb.py
AdbPushDeviceTxt
87
adb push C:\Users\keda\Desktop\Git\KEDAEZTUNE_V2\Files\runGamma.txt /data/effectFile
(b'', b'5 KB/s (254 bytes in 0.047s)\r\n')


[2019-01-16 18:48:21,856] gamma.py->PushGAMMA line:208 [INFO]
Adb push runGamma.txt succeed!

